<?xml version="1.0" encoding="UTF-8"?>
<testsuite xmlns:xsi="http://www.w3.org/2001/XMLSchema-instance" xsi:noNamespaceSchemaLocation="https://maven.apache.org/surefire/maven-surefire-plugin/xsd/surefire-test-report-3.0.xsd" version="3.0" name="AssessmentClassesTest" time="0.013" tests="4" errors="0" skipped="0" failures="0">
  <properties>
[...]
</properties>
  <testcase name="testGetClass" classname="AssessmentClassesTest" time="0.009"/>
  <testcase name="testToString" classname="AssessmentClassesTest" time="0"/>
  <testcase name="testAddClass" classname="AssessmentClassesTest" time="0"/>
  <testcase name="testGetRecordAmt" classname="AssessmentClassesTest" time="0"/>
</testsuite>