<?xml version="1.0" encoding="UTF-8"?>
<testsuite xmlns:xsi="http://www.w3.org/2001/XMLSchema-instance" xsi:noNamespaceSchemaLocation="https://maven.apache.org/surefire/maven-surefire-plugin/xsd/surefire-test-report-3.0.xsd" version="3.0" name="LocationTest" time="0.051" tests="6" errors="0" skipped="0" failures="0">
  <properties>
[...]
</properties>
  <testcase name="testGetX" classname="LocationTest" time="0.02"/>
  <testcase name="testGetY" classname="LocationTest" time="0"/>
  <testcase name="testToString" classname="LocationTest" time="0.006"/>
  <testcase name="testCompareTo" classname="LocationTest" time="0.002"/>
  <testcase name="testHashCode" classname="LocationTest" time="0.001"/>
  <testcase name="testEquals" classname="LocationTest" time="0.001"/>
</testsuite>